 #hydrostatic equilibrium dump
 #alt/km p/mbar Tgas/K
   1.0000000000000000        907.16899354795260        282.00000000000000     
   2.0000000000000000        774.92357086500294        275.00000000000000     
   3.0000000000000000        663.31056067099860        269.00000000000000     
   4.0000000000000000        562.49008104024460        262.00000000000000     
   5.0000000000000000        480.33320866164132        256.00000000000000     
   6.0000000000000000        406.00599474455697        249.00000000000000     
   7.0000000000000000        344.22059440969718        243.00000000000000     
   8.0000000000000000        289.66565107133778        236.00000000000000     
   9.0000000000000000        244.51292942325111        230.00000000000000     
   10.000000000000000        206.57961868105266        225.00000000000000     
   11.000000000000000        176.66649428863025        221.00000000000000     
   12.000000000000000        152.75228542109031        220.00000000000000     
   13.000000000000000        131.95088545591707        219.00000000000000     
   14.000000000000000        114.01184777796085        218.00000000000000     
   15.000000000000000        98.538786164993084        217.00000000000000     
   16.000000000000000        85.745839088220933        217.00000000000000     
   17.000000000000000        74.780462659161330        217.00000000000000     
   18.000000000000000        65.013488666016912        217.00000000000000     
   19.000000000000000        56.654636390750916        217.00000000000000     
   20.000000000000000        49.434262864395478        217.00000000000000     
   21.000000000000000        43.281267596862236        218.00000000000000     
   22.000000000000000        37.825638192709278        219.00000000000000     
   23.000000000000000        33.259969827094054        220.00000000000000     
   24.000000000000000        29.169931918913459        221.00000000000000     
   25.000000000000000        25.593217552223287        222.00000000000000     
   26.000000000000000        22.444916877742639        223.00000000000000     
   27.000000000000000        19.694128756530731        224.00000000000000     
   28.000000000000000        17.284444832708065        225.00000000000000     
   29.000000000000000        15.180189455901123        226.00000000000000     
   30.000000000000000        13.316761781579299        227.00000000000000     
   31.000000000000000        11.780521445364167        229.00000000000000     
   32.000000000000000        10.429080157765696        231.00000000000000     
   33.000000000000000        9.2326030479013017        233.00000000000000     
   34.000000000000000        8.1665287171686618        235.00000000000000     
   35.000000000000000        7.2249348416970909        237.00000000000000     
   36.000000000000000        6.4312638841159391        239.00000000000000     
   37.000000000000000        5.7234703750806455        242.00000000000000     
   38.000000000000000        5.1415767390342095        245.00000000000000     
   39.000000000000000        4.5813598225026650        248.00000000000000     
   40.000000000000000        4.0798483453438994        250.00000000000000     
   41.000000000000000        3.6502555772312708        253.00000000000000     
   42.000000000000000        3.2694001373788182        256.00000000000000     
   43.000000000000000        2.9322425296719898        259.00000000000000     
   44.000000000000000        2.6233605303000496        261.00000000000000     
   45.000000000000000        2.3582731478954080        264.00000000000000     
   46.000000000000000        2.1159668066030570        267.00000000000000     
   47.000000000000000        1.8759801944023349        268.00000000000000     
   48.000000000000000        1.6601413679706385        269.00000000000000     
   49.000000000000000        1.4779218644909642        271.00000000000000     
   50.000000000000000        1.2945841601918044        271.00000000000000     
   51.000000000000000        1.1329477039868991        271.00000000000000     
   52.000000000000000       0.96462918160905609        268.00000000000000     
   53.000000000000000       0.82595359684987779        266.00000000000000     
   54.000000000000000       0.70383480293277167        264.00000000000000     
   55.000000000000000       0.59854207981229957        261.00000000000000     
   56.000000000000000       0.50956456163929376        259.00000000000000     
   57.000000000000000       0.43474019627510152        256.00000000000000     
   58.000000000000000       0.37102600912877376        254.00000000000000     
   59.000000000000000       0.31661190878555240        252.00000000000000     
   60.000000000000000       0.26292825674924647        247.00000000000000     
