 #hydrostatic equilibrium dump
 #alt/km p/mbar Tgas/K
   1.0000000000000000        907.16899668088354        282.00000000000000     
   2.0000000000000000        774.92357344184234        275.00000000000000     
   3.0000000000000000        663.31056281921394        269.00000000000000     
   4.0000000000000000        562.49008282886678        262.00000000000000     
   5.0000000000000000        480.33321016986434        256.00000000000000     
   6.0000000000000000        406.00599600874222        249.00000000000000     
   7.0000000000000000        344.22059547569984        243.00000000000000     
   8.0000000000000000        289.66565196536402        236.00000000000000     
   9.0000000000000000        244.51293017625869        230.00000000000000     
   10.000000000000000        206.57961931604970        225.00000000000000     
   11.000000000000000        176.66649483037261        221.00000000000000     
   12.000000000000000        152.75228588773757        220.00000000000000     
   13.000000000000000        131.95088585714512        219.00000000000000     
   14.000000000000000        114.01184812180108        218.00000000000000     
   15.000000000000000        98.538786458665669        217.00000000000000     
   16.000000000000000        85.745839339863394        217.00000000000000     
   17.000000000000000        74.780462874687856        217.00000000000000     
   18.000000000000000        65.013488849688841        217.00000000000000     
   19.000000000000000        56.654636547506335        217.00000000000000     
   20.000000000000000        49.434262998378735        217.00000000000000     
   21.000000000000000        43.281267711855094        218.00000000000000     
   22.000000000000000        37.825638291324267        219.00000000000000     
   23.000000000000000        33.259969912283779        220.00000000000000     
   24.000000000000000        29.169931992406159        221.00000000000000     
   25.000000000000000        25.593217615722587        222.00000000000000     
   26.000000000000000        22.444916932636406        223.00000000000000     
   27.000000000000000        19.694128804057350        224.00000000000000     
   28.000000000000000        17.284444873903983        225.00000000000000     
   29.000000000000000        15.180189491659005        226.00000000000000     
   30.000000000000000        13.316761812603060        227.00000000000000     
   31.000000000000000        11.780521472528450        229.00000000000000     
   32.000000000000000        10.429080181584041        231.00000000000000     
   33.000000000000000        9.2326030687988947        233.00000000000000     
   34.000000000000000        8.1665287355000622        235.00000000000000     
   35.000000000000000        7.2249348577911707        237.00000000000000     
   36.000000000000000        6.4312638983429355        239.00000000000000     
   37.000000000000000        5.7234703876625357        242.00000000000000     
   38.000000000000000        5.1415767502727361        245.00000000000000     
   39.000000000000000        4.5813598324656395        248.00000000000000     
   40.000000000000000        4.0798483541755379        250.00000000000000     
   41.000000000000000        3.6502555851002536        253.00000000000000     
   42.000000000000000        3.2694001444007124        256.00000000000000     
   43.000000000000000        2.9322425359492290        259.00000000000000     
   44.000000000000000        2.6233605358998977        261.00000000000000     
   45.000000000000000        2.3582731529166008        264.00000000000000     
   46.000000000000000        2.1159668110983301        267.00000000000000     
   47.000000000000000        1.8759801983800277        268.00000000000000     
   48.000000000000000        1.6601413714846802        269.00000000000000     
   49.000000000000000        1.4779218676146588        271.00000000000000     
   50.000000000000000        1.2945841629244916        271.00000000000000     
   51.000000000000000        1.1329477063757716        271.00000000000000     
   52.000000000000000       0.96462918364113548        268.00000000000000     
   53.000000000000000       0.82595359858846740        266.00000000000000     
   54.000000000000000       0.70383480441333990        264.00000000000000     
   55.000000000000000       0.59854208107069518        261.00000000000000     
   56.000000000000000       0.50956456271015516        259.00000000000000     
   57.000000000000000       0.43474019718841406        256.00000000000000     
   58.000000000000000       0.37102600990804629        254.00000000000000     
   59.000000000000000       0.31661190945043455        252.00000000000000     
   60.000000000000000       0.26292825730135194        247.00000000000000     
